<?xml version="1.0" encoding="UTF-8"?>
<!-- Generated by org.testng.reporters.JUnitReportReporter -->
<testsuite hostname="LAPTOP-5CK4J9DQ" failures="0" tests="2" name="com.phonelcdparts.registrationTest.RegistrationTest2" time="14.933" errors="0" timestamp="2023-12-07T00:56:40 EST" skipped="0">
  <testcase classname="com.phonelcdparts.registrationTest.RegistrationTest2" name="dupurRegistrationTest" time="7.495"/>
  <system-out/>
  <testcase classname="com.phonelcdparts.registrationTest.RegistrationTest2" name="bikelRegistrationTest" time="7.438"/>
  <system-out/>
</testsuite> <!-- com.phonelcdparts.registrationTest.RegistrationTest2 -->
