<?xml version="1.0" encoding="UTF-8"?>
<!-- Generated by org.testng.reporters.JUnitReportReporter -->
<testsuite hostname="LAPTOP-5CK4J9DQ" failures="0" tests="1" name="com.phonelcdparts.loginTest.LoginTest2" time="8.155" errors="0" timestamp="2023-12-07T00:56:40 EST" skipped="0">
  <testcase classname="com.phonelcdparts.loginTest.LoginTest2" name="loginTest" time="8.155"/>
  <system-out/>
</testsuite> <!-- com.phonelcdparts.loginTest.LoginTest2 -->
